+ ld obj/kern/kernel
+ mk obj/kern/kernel.img
Could not open option rom 'sgabios.bin': No such file or directory
6828 decimal is 15254 octal!

e820 MEMORY MAP
size: 20, address: 0x0000000000000000, length: 0x000000000009f400, type: 1
size: 20, address: 0x000000000009f400, length: 0x0000000000000c00, type: 2
size: 20, address: 0x00000000000f0000, length: 0x0000000000010000, type: 2
size: 20, address: 0x0000000000100000, length: 0x000000000fefd000, type: 1
size: 20, address: 0x000000000fffd000, length: 0x0000000000003000, type: 2
size: 20, address: 0x00000000fffc0000, length: 0x0000000000040000, type: 2

Physical memory: 256M available, base = 636K, extended = 261120K, npages = 65536
Using only 261120K of the available memory.
check_boot_pml4e() succeeded!
check_page_alloc() succeeded!
check_page() succeeded!
SMP: CPU 0 found 1 CPU(s)
enabled interrupts: 1 2 4
PCI: 00:00.0: 8086:1237: class: 8000000006.8000000000 (Bridge device) irq: 549755813888
PCI: 00:01.0: 8086:7000: class: 8000000006.8000000001 (Bridge device) irq: 549755813888
PCI: 00:01.1: 8086:7010: class: 8000000001.8000000001 (Storage controller) irq: 549755813888
PCI: 00:01.3: 8086:7113: class: 8000000006.8000000080 (Bridge device) irq: 549755813897
PCI: 00:02.0: 1013:00b8: class: 8000000003.8000000000 (Display controller) irq: 549755813888
PCI: 00:03.0: 8086:100e: class: 8000000002.8000000000 (Network controller) irq: 549755813899
PCI function 00:03.0 (8086:100e) enabled
e1000 device status register:80080783
e1000 mac_address:5634:12005452
FS is running
FS can do I/O
Device 1 presence: 1



Starting file system check...
Checking super block...
Checking root directory files...
name:/	     size:4096	     type:1
	     name:bin	     size:8192	     type:1
	     name:sbin	     size:4096	     type:1
	     name:newmotd	     size:37	     type:0
	     name:motd	     size:92	     type:0
	     name:robig	     size:122881	     type:0
	     name:index.html	     size:166	     type:0
	     name:lorem	     size:447	     type:0
	     name:script	     size:132	     type:0
	     name:testshell.key	     size:2916	     type:0
	     name:testshell.sh	     size:113	     type:0
	     name:	     size:0	     type:0
	     name:	     size:0	     type:0
	     name:	     size:0	     type:0
	     name:	     size:0	     type:0
	     name:	     size:0	     type:0
	     name:	     size:0	     type:0
Root directory files are good
Superblock is good
Checking free block bitmap...
Free block bitmap is good
Checking journal blocks...
Journal record count:0
Journal blocks are good
File system check complete...


Replaying journal records...
Number of journal records	     	     	     :0
Number of records successfully replayed	     	     :0
Number of records unsuccessfully replayed	     :0


ns: 52:54:00:12:34:56 bound to static IP 10.0.2.15
NS: TCP/IP initialized.
Waiting for http connections...

Accepted client socket:1
file /random_file.txt does not exists
qemu: terminating on signal 15 from pid 18210
